[2017-12-28 12:28:46] [INFO] 当前操作系统是:[Windows 10]
[2017-12-28 12:28:46] [INFO] 启动测试浏览器：[chrome]
[2017-12-28 12:28:51] [INFO] 最大化浏览器:chrome
[2017-12-28 12:28:59] [INFO] 打开测试页面:[http://172.16.14.23:7082/]
[2017-12-28 12:29:01] [INFO] cectrypass 测试用例开始执行！
[2017-12-28 12:29:04] [INFO] 清除[By.id: LoginName]上的内容成功
[2017-12-28 12:29:04] [INFO] 清除[By.id: Password]上的内容成功
[2017-12-28 12:29:04] [INFO] 输入：[admin_zhangyb_a] 到 [By.id: LoginName]
[2017-12-28 12:29:04] [INFO] 输入：[Huayun!qazxsw2] 到 [By.id: Password]
[2017-12-28 12:29:05] [INFO] 点击元素 [By.id: doLogin]
[2017-12-28 12:29:10] [INFO] 开始检查用户名是不是：用户名：admin_zhangyb_a
[2017-12-28 12:29:10] [INFO] 找到了期望的文字: [用户名：admin_zhangyb_a]
[2017-12-28 12:29:10] [INFO] 用户名检查完毕,用户名是：用户名：admin_zhangyb_a
[2017-12-28 12:29:11] [INFO] 点击元素 [By.xpath: /html/body/div[1]/aside[1]/section/ul/li[2]/a/i[2]]
[2017-12-28 12:29:12] [WARN] By.xpath: /html/body/div[1]/aside/section/ul/li[2]/ul/li[1]/a/span is unclickable, try again
[2017-12-28 12:29:12] [INFO] 点击元素 [By.xpath: /html/body/div[1]/aside/section/ul/li[2]/ul/li[1]/a/span]
[2017-12-28 12:29:12] [WARN] By.xpath: /html/body/div[1]/aside/section/ul/li[2]/ul/li[1]/ul/li/a is unclickable, try again
[2017-12-28 12:29:15] [INFO] 点击元素 [By.xpath: /html/body/div[1]/aside/section/ul/li[2]/ul/li[1]/ul/li/a]
[2017-12-28 12:29:15] [INFO] 开始查找元素[By.xpath: /html/body/div[1]/div/section[3]/div[1]/div[1]/h3/a[2]]
[2017-12-28 12:29:15] [INFO] 找到了元素 [By.xpath: /html/body/div[1]/div/section[3]/div[1]/div[1]/h3/a[2]]
[2017-12-28 12:29:17] [INFO] 点击元素 [By.xpath: /html/body/div[1]/div/section[3]/div[1]/div[1]/h3/a[2]]
[2017-12-28 12:29:17] [INFO] 开始查找元素[By.id: username]
[2017-12-28 12:29:17] [INFO] 找到了元素 [By.id: username]
[2017-12-28 12:29:17] [INFO] 清除[By.id: username]上的内容成功
[2017-12-28 12:29:17] [INFO] 输入：[luobj] 到 [By.id: username]
[2017-12-28 12:29:17] [INFO] 点击元素 [By.xpath: //*[@id="buy-form"]/div[1]/div[2]/div/div/a]
[2017-12-28 12:29:17] [INFO] 开始等待元素加载
[2017-12-28 12:29:17] [INFO] 开始查找元素[By.xpath: //*[@id="buy-form"]/div[2]/div[2]/div[1]/ul/li]
[2017-12-28 12:29:22] [INFO] 找到了元素 [By.xpath: //*[@id="buy-form"]/div[2]/div[2]/div[1]/ul/li]
[2017-12-28 12:29:22] [INFO] 开始查找元素[By.xpath: //*[@id="buy-form"]/div[2]/div[2]/div[1]/ul/li]
[2017-12-28 12:29:22] [INFO] 找到了元素 [By.xpath: //*[@id="buy-form"]/div[2]/div[2]/div[1]/ul/li]
[2017-12-28 12:29:22] [INFO] 元素加载完毕
[2017-12-28 12:29:22] [INFO] 点击元素 [By.xpath: //*[@id="buy-form"]/div[2]/div[2]/div[3]/ul/li[2]]
[2017-12-28 12:29:22] [INFO] 选择value为803011的选项
[2017-12-28 12:29:22] [INFO] 清除[By.id: kbpsValue_]上的内容成功
[2017-12-28 12:29:22] [INFO] 输入：[5] 到 [By.id: kbpsValue_]
[2017-12-28 12:29:25] [INFO] 鼠标移动到元素By.xpath: //*[@id="price_agree"]
[2017-12-28 12:29:25] [INFO] 点击元素 [By.xpath: //*[@id="price_agree"]]
[2017-12-28 12:29:35] [INFO] cectrypass 测试用例执行成功！
[2017-12-28 12:29:38] [INFO] 执行成功的用例 = cectrypass
[2017-12-28 12:29:41] [INFO] Excel报告已经生成，请查看：[J:\JAVAWorkSpace\autoTest\test-output\excelReports\TestReport_2017-12-28_12-29-管控平台.xlsx]
